0 silly argv {
0 silly argv   _: [ 'exec' ],
0 silly argv   stream: true,
0 silly argv   scope: '@mernauth/backend',
0 silly argv   args: [],
0 silly argv   '--': [ 'yarn', 'watch' ],
0 silly argv   lernaVersion: '3.22.1',
0 silly argv   '$0': 'node_modules/.bin/lerna'
0 silly argv }
1 notice cli v3.22.1
2 verbose rootPath /home/ashik/react-revisited/mern-auth
3 error Error: Invalid tag name "^.0.1": Tags may not have any characters that encodeURIComponent encodes.
3 error     at invalidTagName (/home/ashik/react-revisited/mern-auth/node_modules/npm-package-arg/npa.js:91:15)
3 error     at fromRegistry (/home/ashik/react-revisited/mern-auth/node_modules/npm-package-arg/npa.js:296:13)
3 error     at Function.resolve (/home/ashik/react-revisited/mern-auth/node_modules/npm-package-arg/npa.js:81:12)
3 error     at /home/ashik/react-revisited/mern-auth/node_modules/@lerna/package-graph/index.js:61:30
3 error     at Array.forEach (<anonymous>)
3 error     at /home/ashik/react-revisited/mern-auth/node_modules/@lerna/package-graph/index.js:55:38
3 error     at Map.forEach (<anonymous>)
3 error     at new PackageGraph (/home/ashik/react-revisited/mern-auth/node_modules/@lerna/package-graph/index.js:44:10)
